[09-May-2023 07:00:27 Europe/Berlin] prueba
[09-May-2023 01:03:28 America/Santo_Domingo] prueba
[09-May-2023 01:07:09 America/Santo_Domingo] prueba
[14-May-2023 10:49:15 America/Santo_Domingo] prueba
[14-May-2023 10:49:22 America/Santo_Domingo] PHP Fatal error:  Uncaught Error: Class "App\config\Security" not found in /opt/lampp/htdocs/api/src/Routes/auth.php:3
Stack trace:
#0 /opt/lampp/htdocs/api/public/index.php(22): require()
#1 {main}
  thrown in /opt/lampp/htdocs/api/src/Routes/auth.php on line 3
[14-May-2023 10:49:52 America/Santo_Domingo] PHP Fatal error:  Uncaught Error: Class "App\config\Security" not found in /opt/lampp/htdocs/api/src/Routes/auth.php:3
Stack trace:
#0 /opt/lampp/htdocs/api/public/index.php(22): require()
#1 {main}
  thrown in /opt/lampp/htdocs/api/src/Routes/auth.php on line 3
[14-May-2023 10:51:04 America/Santo_Domingo] PHP Fatal error:  Uncaught Error: Class "App\config\Security" not found in /opt/lampp/htdocs/api/src/Routes/auth.php:3
Stack trace:
#0 /opt/lampp/htdocs/api/public/index.php(22): require()
#1 {main}
  thrown in /opt/lampp/htdocs/api/src/Routes/auth.php on line 3
[14-May-2023 10:51:08 America/Santo_Domingo] PHP Fatal error:  Uncaught Error: Class "App\config\Security" not found in /opt/lampp/htdocs/api/src/Routes/auth.php:3
Stack trace:
#0 /opt/lampp/htdocs/api/public/index.php(22): require()
#1 {main}
  thrown in /opt/lampp/htdocs/api/src/Routes/auth.php on line 3
[14-May-2023 10:54:14 America/Santo_Domingo] PHP Fatal error:  Uncaught Error: Class "App\config\Security" not found in /opt/lampp/htdocs/api/src/Routes/auth.php:3
Stack trace:
#0 /opt/lampp/htdocs/api/public/index.php(22): require()
#1 {main}
  thrown in /opt/lampp/htdocs/api/src/Routes/auth.php on line 3
[14-May-2023 10:54:17 America/Santo_Domingo] PHP Fatal error:  Uncaught Error: Class "App\config\Security" not found in /opt/lampp/htdocs/api/src/Routes/auth.php:3
Stack trace:
#0 /opt/lampp/htdocs/api/public/index.php(22): require()
#1 {main}
  thrown in /opt/lampp/htdocs/api/src/Routes/auth.php on line 3
[14-May-2023 10:55:25 America/Santo_Domingo] PHP Fatal error:  Uncaught Error: Class "App\config\Security" not found in /opt/lampp/htdocs/api/src/Routes/auth.php:3
Stack trace:
#0 /opt/lampp/htdocs/api/public/index.php(22): require()
#1 {main}
  thrown in /opt/lampp/htdocs/api/src/Routes/auth.php on line 3
[14-May-2023 10:56:06 America/Santo_Domingo] PHP Fatal error:  Uncaught Error: Class "App\config\Security" not found in /opt/lampp/htdocs/api/src/Routes/auth.php:3
Stack trace:
#0 /opt/lampp/htdocs/api/public/index.php(22): require()
#1 {main}
  thrown in /opt/lampp/htdocs/api/src/Routes/auth.php on line 3
[14-May-2023 10:56:12 America/Santo_Domingo] PHP Fatal error:  Uncaught Error: Class "App\config\Security" not found in /opt/lampp/htdocs/api/src/Routes/auth.php:3
Stack trace:
#0 /opt/lampp/htdocs/api/public/index.php(22): require()
#1 {main}
  thrown in /opt/lampp/htdocs/api/src/Routes/auth.php on line 3
[14-May-2023 10:56:14 America/Santo_Domingo] PHP Fatal error:  Uncaught Error: Class "App\config\Security" not found in /opt/lampp/htdocs/api/src/Routes/auth.php:3
Stack trace:
#0 /opt/lampp/htdocs/api/public/index.php(22): require()
#1 {main}
  thrown in /opt/lampp/htdocs/api/src/Routes/auth.php on line 3
[14-May-2023 10:56:16 America/Santo_Domingo] PHP Fatal error:  Uncaught Error: Class "App\config\Security" not found in /opt/lampp/htdocs/api/src/Routes/auth.php:3
Stack trace:
#0 /opt/lampp/htdocs/api/public/index.php(22): require()
#1 {main}
  thrown in /opt/lampp/htdocs/api/src/Routes/auth.php on line 3
[14-May-2023 10:56:17 America/Santo_Domingo] PHP Fatal error:  Uncaught Error: Class "App\config\Security" not found in /opt/lampp/htdocs/api/src/Routes/auth.php:3
Stack trace:
#0 /opt/lampp/htdocs/api/public/index.php(22): require()
#1 {main}
  thrown in /opt/lampp/htdocs/api/src/Routes/auth.php on line 3
[14-May-2023 10:56:19 America/Santo_Domingo] PHP Fatal error:  Uncaught Error: Class "App\config\Security" not found in /opt/lampp/htdocs/api/src/Routes/auth.php:3
Stack trace:
#0 /opt/lampp/htdocs/api/public/index.php(22): require()
#1 {main}
  thrown in /opt/lampp/htdocs/api/src/Routes/auth.php on line 3
[14-May-2023 10:56:20 America/Santo_Domingo] PHP Fatal error:  Uncaught Error: Class "App\config\Security" not found in /opt/lampp/htdocs/api/src/Routes/auth.php:3
Stack trace:
#0 /opt/lampp/htdocs/api/public/index.php(22): require()
#1 {main}
  thrown in /opt/lampp/htdocs/api/src/Routes/auth.php on line 3
[14-May-2023 10:56:21 America/Santo_Domingo] PHP Fatal error:  Uncaught Error: Class "App\config\Security" not found in /opt/lampp/htdocs/api/src/Routes/auth.php:3
Stack trace:
#0 /opt/lampp/htdocs/api/public/index.php(22): require()
#1 {main}
  thrown in /opt/lampp/htdocs/api/src/Routes/auth.php on line 3
[14-May-2023 10:56:21 America/Santo_Domingo] PHP Fatal error:  Uncaught Error: Class "App\config\Security" not found in /opt/lampp/htdocs/api/src/Routes/auth.php:3
Stack trace:
#0 /opt/lampp/htdocs/api/public/index.php(22): require()
#1 {main}
  thrown in /opt/lampp/htdocs/api/src/Routes/auth.php on line 3
[14-May-2023 10:56:21 America/Santo_Domingo] PHP Fatal error:  Uncaught Error: Class "App\config\Security" not found in /opt/lampp/htdocs/api/src/Routes/auth.php:3
Stack trace:
#0 /opt/lampp/htdocs/api/public/index.php(22): require()
#1 {main}
  thrown in /opt/lampp/htdocs/api/src/Routes/auth.php on line 3
[14-May-2023 10:56:22 America/Santo_Domingo] PHP Fatal error:  Uncaught Error: Class "App\config\Security" not found in /opt/lampp/htdocs/api/src/Routes/auth.php:3
Stack trace:
#0 /opt/lampp/htdocs/api/public/index.php(22): require()
#1 {main}
  thrown in /opt/lampp/htdocs/api/src/Routes/auth.php on line 3
[14-May-2023 10:56:47 America/Santo_Domingo] PHP Fatal error:  Uncaught Error: Class "App\config\Security" not found in /opt/lampp/htdocs/api/src/Routes/auth.php:3
Stack trace:
#0 /opt/lampp/htdocs/api/public/index.php(22): require()
#1 {main}
  thrown in /opt/lampp/htdocs/api/src/Routes/auth.php on line 3
[14-May-2023 11:01:54 America/Santo_Domingo] PHP Fatal error:  Uncaught Error: Class "App\config\Security" not found in /opt/lampp/htdocs/api/src/Routes/auth.php:3
Stack trace:
#0 /opt/lampp/htdocs/api/public/index.php(22): require()
#1 {main}
  thrown in /opt/lampp/htdocs/api/src/Routes/auth.php on line 3
[14-May-2023 11:01:57 America/Santo_Domingo] PHP Fatal error:  Uncaught Error: Class "App\config\Security" not found in /opt/lampp/htdocs/api/src/Routes/auth.php:3
Stack trace:
#0 /opt/lampp/htdocs/api/public/index.php(22): require()
#1 {main}
  thrown in /opt/lampp/htdocs/api/src/Routes/auth.php on line 3
[14-May-2023 11:11:08 America/Santo_Domingo] prueba
[14-May-2023 11:11:11 America/Santo_Domingo] PHP Fatal error:  Uncaught Error: Class "App\config\Security" not found in /opt/lampp/htdocs/api/src/Routes/auth.php:3
Stack trace:
#0 /opt/lampp/htdocs/api/public/index.php(22): require()
#1 {main}
  thrown in /opt/lampp/htdocs/api/src/Routes/auth.php on line 3
[14-May-2023 11:11:11 America/Santo_Domingo] PHP Fatal error:  Uncaught Error: Class "App\config\Security" not found in /opt/lampp/htdocs/api/src/Routes/auth.php:3
Stack trace:
#0 /opt/lampp/htdocs/api/public/index.php(22): require()
#1 {main}
  thrown in /opt/lampp/htdocs/api/src/Routes/auth.php on line 3
[14-May-2023 11:11:32 America/Santo_Domingo] PHP Fatal error:  Uncaught Error: Class "App\config\Security" not found in /opt/lampp/htdocs/api/src/Routes/auth.php:3
Stack trace:
#0 /opt/lampp/htdocs/api/public/index.php(22): require()
#1 {main}
  thrown in /opt/lampp/htdocs/api/src/Routes/auth.php on line 3
[14-May-2023 11:12:40 America/Santo_Domingo] PHP Fatal error:  Uncaught Error: Class "App\config\Security" not found in /opt/lampp/htdocs/api/src/Routes/auth.php:3
Stack trace:
#0 /opt/lampp/htdocs/api/public/index.php(22): require()
#1 {main}
  thrown in /opt/lampp/htdocs/api/src/Routes/auth.php on line 3
[14-May-2023 11:17:30 America/Santo_Domingo] PHP Fatal error:  Uncaught Error: Class "App\config\Security" not found in /opt/lampp/htdocs/api/src/Routes/auth.php:3
Stack trace:
#0 /opt/lampp/htdocs/api/public/index.php(22): require()
#1 {main}
  thrown in /opt/lampp/htdocs/api/src/Routes/auth.php on line 3
[14-May-2023 11:17:41 America/Santo_Domingo] PHP Fatal error:  Uncaught Error: Class "App\config\Security" not found in /opt/lampp/htdocs/api/src/Routes/auth.php:3
Stack trace:
#0 /opt/lampp/htdocs/api/public/index.php(22): require()
#1 {main}
  thrown in /opt/lampp/htdocs/api/src/Routes/auth.php on line 3
[14-May-2023 11:18:28 America/Santo_Domingo] PHP Fatal error:  Uncaught Error: Class "App\config\Security" not found in /opt/lampp/htdocs/api/src/Routes/auth.php:3
Stack trace:
#0 /opt/lampp/htdocs/api/public/index.php(22): require()
#1 {main}
  thrown in /opt/lampp/htdocs/api/src/Routes/auth.php on line 3
[14-May-2023 11:20:39 America/Santo_Domingo] PHP Fatal error:  Uncaught Error: Class "App\config\Security" not found in /opt/lampp/htdocs/api/src/Routes/auth.php:3
Stack trace:
#0 /opt/lampp/htdocs/api/public/index.php(22): require()
#1 {main}
  thrown in /opt/lampp/htdocs/api/src/Routes/auth.php on line 3
[14-May-2023 11:21:22 America/Santo_Domingo] PHP Fatal error:  Uncaught Error: Class "App\config\Security" not found in /opt/lampp/htdocs/api/src/Routes/auth.php:3
Stack trace:
#0 /opt/lampp/htdocs/api/public/index.php(22): require()
#1 {main}
  thrown in /opt/lampp/htdocs/api/src/Routes/auth.php on line 3
[14-May-2023 11:21:25 America/Santo_Domingo] PHP Fatal error:  Uncaught Error: Class "App\config\Security" not found in /opt/lampp/htdocs/api/src/Routes/auth.php:3
Stack trace:
#0 /opt/lampp/htdocs/api/public/index.php(22): require()
#1 {main}
  thrown in /opt/lampp/htdocs/api/src/Routes/auth.php on line 3
[14-May-2023 11:21:34 America/Santo_Domingo] PHP Fatal error:  Uncaught Error: Class "App\config\Security" not found in /opt/lampp/htdocs/api/src/Routes/auth.php:3
Stack trace:
#0 /opt/lampp/htdocs/api/public/index.php(22): require()
#1 {main}
  thrown in /opt/lampp/htdocs/api/src/Routes/auth.php on line 3
[14-May-2023 11:21:43 America/Santo_Domingo] PHP Fatal error:  Uncaught Error: Class "App\config\Security" not found in /opt/lampp/htdocs/api/src/Routes/auth.php:3
Stack trace:
#0 /opt/lampp/htdocs/api/public/index.php(22): require()
#1 {main}
  thrown in /opt/lampp/htdocs/api/src/Routes/auth.php on line 3
[14-May-2023 11:21:52 America/Santo_Domingo] PHP Fatal error:  Uncaught Error: Class "App\config\Security" not found in /opt/lampp/htdocs/api/src/Routes/auth.php:3
Stack trace:
#0 /opt/lampp/htdocs/api/public/index.php(22): require()
#1 {main}
  thrown in /opt/lampp/htdocs/api/src/Routes/auth.php on line 3
[14-May-2023 11:22:05 America/Santo_Domingo] PHP Fatal error:  Uncaught Error: Class "App\config\Security" not found in /opt/lampp/htdocs/api/src/Routes/auth.php:3
Stack trace:
#0 /opt/lampp/htdocs/api/public/index.php(22): require()
#1 {main}
  thrown in /opt/lampp/htdocs/api/src/Routes/auth.php on line 3
[14-May-2023 11:22:24 America/Santo_Domingo] PHP Fatal error:  Uncaught Error: Class "App\config\Security" not found in /opt/lampp/htdocs/api/src/Routes/auth.php:3
Stack trace:
#0 /opt/lampp/htdocs/api/public/index.php(22): require()
#1 {main}
  thrown in /opt/lampp/htdocs/api/src/Routes/auth.php on line 3
[14-May-2023 11:22:35 America/Santo_Domingo] PHP Fatal error:  Uncaught Error: Class "App\config\Security" not found in /opt/lampp/htdocs/api/src/Routes/auth.php:3
Stack trace:
#0 /opt/lampp/htdocs/api/public/index.php(22): require()
#1 {main}
  thrown in /opt/lampp/htdocs/api/src/Routes/auth.php on line 3
[14-May-2023 11:23:10 America/Santo_Domingo] PHP Fatal error:  Uncaught Error: Class "Security" not found in /opt/lampp/htdocs/api/src/Routes/auth.php:3
Stack trace:
#0 /opt/lampp/htdocs/api/public/index.php(22): require()
#1 {main}
  thrown in /opt/lampp/htdocs/api/src/Routes/auth.php on line 3
[14-May-2023 23:27:34 America/Santo_Domingo] PHP Fatal error:  Uncaught ArgumentCountError: Too few arguments to function Firebase\JWT\JWT::encode(), 2 passed in /opt/lampp/htdocs/api/src/Config/Security.php on line 37 and at least 3 expected in /opt/lampp/htdocs/api/vendor/firebase/php-jwt/src/JWT.php:188
Stack trace:
#0 /opt/lampp/htdocs/api/src/Config/Security.php(37): Firebase\JWT\JWT::encode(Array, '1e1eb9c340ed173')
#1 /opt/lampp/htdocs/api/src/Routes/auth.php(4): App\Config\Security::createTokenJwt('1e1eb9c340ed173', Array)
#2 /opt/lampp/htdocs/api/public/index.php(22): require('/opt/lampp/htdo...')
#3 {main}
  thrown in /opt/lampp/htdocs/api/vendor/firebase/php-jwt/src/JWT.php on line 188
[14-May-2023 23:28:39 America/Santo_Domingo] PHP Fatal error:  Uncaught ArgumentCountError: Too few arguments to function Firebase\JWT\JWT::encode(), 2 passed in /opt/lampp/htdocs/api/src/Config/Security.php on line 37 and at least 3 expected in /opt/lampp/htdocs/api/vendor/firebase/php-jwt/src/JWT.php:188
Stack trace:
#0 /opt/lampp/htdocs/api/src/Config/Security.php(37): Firebase\JWT\JWT::encode(Array, '1e1eb9c340ed173')
#1 /opt/lampp/htdocs/api/src/Routes/auth.php(4): App\Config\Security::createTokenJwt('1e1eb9c340ed173', Array)
#2 /opt/lampp/htdocs/api/public/index.php(22): require('/opt/lampp/htdo...')
#3 {main}
  thrown in /opt/lampp/htdocs/api/vendor/firebase/php-jwt/src/JWT.php on line 188
[14-May-2023 23:31:08 America/Santo_Domingo] PHP Fatal error:  Uncaught ArgumentCountError: Too few arguments to function Firebase\JWT\JWT::encode(), 2 passed in /opt/lampp/htdocs/api/src/Config/Security.php on line 37 and at least 3 expected in /opt/lampp/htdocs/api/vendor/firebase/php-jwt/src/JWT.php:188
Stack trace:
#0 /opt/lampp/htdocs/api/src/Config/Security.php(37): Firebase\JWT\JWT::encode(Array, '1e1eb9c340ed173')
#1 /opt/lampp/htdocs/api/src/Routes/auth.php(4): App\Config\Security::createTokenJwt('1e1eb9c340ed173', Array)
#2 /opt/lampp/htdocs/api/public/index.php(22): require('/opt/lampp/htdo...')
#3 {main}
  thrown in /opt/lampp/htdocs/api/vendor/firebase/php-jwt/src/JWT.php on line 188
[14-May-2023 23:31:55 America/Santo_Domingo] PHP Fatal error:  Uncaught TypeError: Firebase\JWT\JWT::decode(): Argument #1 ($jwt) must be of type string, array given, called in /opt/lampp/htdocs/api/src/Config/Security.php on line 37 and defined in /opt/lampp/htdocs/api/vendor/firebase/php-jwt/src/JWT.php:95
Stack trace:
#0 /opt/lampp/htdocs/api/src/Config/Security.php(37): Firebase\JWT\JWT::decode(Array, '1e1eb9c340ed173')
#1 /opt/lampp/htdocs/api/src/Routes/auth.php(4): App\Config\Security::createTokenJwt('1e1eb9c340ed173', Array)
#2 /opt/lampp/htdocs/api/public/index.php(22): require('/opt/lampp/htdo...')
#3 {main}
  thrown in /opt/lampp/htdocs/api/vendor/firebase/php-jwt/src/JWT.php on line 95
[14-May-2023 23:35:02 America/Santo_Domingo] PHP Fatal error:  Uncaught ArgumentCountError: Too few arguments to function Firebase\JWT\JWT::encode(), 2 passed in /opt/lampp/htdocs/api/src/Config/Security.php on line 37 and at least 3 expected in /opt/lampp/htdocs/api/vendor/firebase/php-jwt/src/JWT.php:188
Stack trace:
#0 /opt/lampp/htdocs/api/src/Config/Security.php(37): Firebase\JWT\JWT::encode(Array, '1e1eb9c340ed173')
#1 /opt/lampp/htdocs/api/src/Routes/auth.php(4): App\Config\Security::createTokenJwt('1e1eb9c340ed173', Array)
#2 /opt/lampp/htdocs/api/public/index.php(22): require('/opt/lampp/htdo...')
#3 {main}
  thrown in /opt/lampp/htdocs/api/vendor/firebase/php-jwt/src/JWT.php on line 188
[14-May-2023 23:41:28 America/Santo_Domingo] PHP Warning:  require(/opt/lampp/htdocs/api/src/vendor/autoload.php): Failed to open stream: No such file or directory in /opt/lampp/htdocs/api/src/Config/Security.php on line 6
[14-May-2023 23:41:28 America/Santo_Domingo] PHP Fatal error:  Uncaught Error: Failed opening required '/opt/lampp/htdocs/api/src/vendor/autoload.php' (include_path='.:/opt/lampp/lib/php') in /opt/lampp/htdocs/api/src/Config/Security.php:6
Stack trace:
#0 /opt/lampp/htdocs/api/vendor/composer/ClassLoader.php(582): include()
#1 /opt/lampp/htdocs/api/vendor/composer/ClassLoader.php(433): Composer\Autoload\{closure}('/opt/lampp/htdo...')
#2 /opt/lampp/htdocs/api/src/Routes/auth.php(4): Composer\Autoload\ClassLoader->loadClass('App\\Config\\Secu...')
#3 /opt/lampp/htdocs/api/public/index.php(22): require('/opt/lampp/htdo...')
#4 {main}
  thrown in /opt/lampp/htdocs/api/src/Config/Security.php on line 6
[14-May-2023 23:41:31 America/Santo_Domingo] PHP Warning:  require(/opt/lampp/htdocs/api/src/vendor/autoload.php): Failed to open stream: No such file or directory in /opt/lampp/htdocs/api/src/Config/Security.php on line 6
[14-May-2023 23:41:31 America/Santo_Domingo] PHP Fatal error:  Uncaught Error: Failed opening required '/opt/lampp/htdocs/api/src/vendor/autoload.php' (include_path='.:/opt/lampp/lib/php') in /opt/lampp/htdocs/api/src/Config/Security.php:6
Stack trace:
#0 /opt/lampp/htdocs/api/vendor/composer/ClassLoader.php(582): include()
#1 /opt/lampp/htdocs/api/vendor/composer/ClassLoader.php(433): Composer\Autoload\{closure}('/opt/lampp/htdo...')
#2 /opt/lampp/htdocs/api/src/Routes/auth.php(4): Composer\Autoload\ClassLoader->loadClass('App\\Config\\Secu...')
#3 /opt/lampp/htdocs/api/public/index.php(22): require('/opt/lampp/htdo...')
#4 {main}
  thrown in /opt/lampp/htdocs/api/src/Config/Security.php on line 6
[14-May-2023 23:45:01 America/Santo_Domingo] PHP Fatal error:  Uncaught ArgumentCountError: Too few arguments to function Firebase\JWT\JWT::encode(), 2 passed in /opt/lampp/htdocs/api/src/Config/Security.php on line 37 and at least 3 expected in /opt/lampp/htdocs/api/vendor/firebase/php-jwt/src/JWT.php:188
Stack trace:
#0 /opt/lampp/htdocs/api/src/Config/Security.php(37): Firebase\JWT\JWT::encode(Array, '1e1eb9c340ed173')
#1 /opt/lampp/htdocs/api/src/Routes/auth.php(4): App\Config\Security::createTokenJwt('1e1eb9c340ed173', Array)
#2 /opt/lampp/htdocs/api/public/index.php(22): require('/opt/lampp/htdo...')
#3 {main}
  thrown in /opt/lampp/htdocs/api/vendor/firebase/php-jwt/src/JWT.php on line 188
[14-May-2023 23:47:13 America/Santo_Domingo] PHP Fatal error:  Uncaught ArgumentCountError: Too few arguments to function Firebase\JWT\JWT::encode(), 2 passed in /opt/lampp/htdocs/api/src/Config/Security.php on line 37 and at least 3 expected in /opt/lampp/htdocs/api/vendor/firebase/php-jwt/src/JWT.php:188
Stack trace:
#0 /opt/lampp/htdocs/api/src/Config/Security.php(37): Firebase\JWT\JWT::encode(Array, '1e1eb9c340ed173')
#1 /opt/lampp/htdocs/api/src/Routes/auth.php(4): App\Config\Security::createTokenJwt('1e1eb9c340ed173', Array)
#2 /opt/lampp/htdocs/api/public/index.php(22): require('/opt/lampp/htdo...')
#3 {main}
  thrown in /opt/lampp/htdocs/api/vendor/firebase/php-jwt/src/JWT.php on line 188
